<?xml version="1.0" encoding="UTF-8"?>
<!-- Generated by org.testng.reporters.JUnitReportReporter -->
<testsuite hostname="DESKTOP-DKP1646" failures="0" tests="1" name="testcase.FileUpload" time="30.862" errors="0" timestamp="2024-05-09T13:44:20 IST" skipped="0">
  <testcase classname="testcase.FileUpload" name="FileUploadDocument" time="30.862"/>
  <system-out/>
</testsuite> <!-- testcase.FileUpload -->
