<?xml version="1.0" encoding="UTF-8"?>
<!-- Generated by org.testng.reporters.JUnitReportReporter -->
<testsuite hostname="DESKTOP-DKP1646" failures="0" tests="1" name="testcase.ChromeScreenshotAndFirefoxScreenshot" time="138.461" errors="0" timestamp="2024-05-09T13:21:56 IST" skipped="0">
  <testcase classname="testcase.ChromeScreenshotAndFirefoxScreenshot" name="screenCapture" time="138.461"/>
  <system-out/>
</testsuite> <!-- testcase.ChromeScreenshotAndFirefoxScreenshot -->
